2024-07-17 13:45:01,310 INFO  [main] o.r.B.BankFrontController: Beryl Bank is up and running
2024-07-17 13:45:01,496 INFO  [main] i.j.u.JavalinLogger: Starting Javalin ...
2024-07-17 13:45:01,499 INFO  [main] o.e.j.server.Server: jetty-11.0.20; built: 2024-01-29T21:04:22.394Z; git: 922f8dc188f7011e60d0361de585fd4ac4d63064; jvm 20+36-2344
2024-07-17 13:45:01,550 INFO  [main] o.e.j.s.s.DefaultSessionIdManager: Session workerName=node0
2024-07-17 13:45:01,560 INFO  [main] o.e.j.s.h.ContextHandler: Started o.e.j.s.ServletContextHandler@3370f42{/,null,AVAILABLE}
2024-07-17 13:45:01,629 INFO  [main] o.e.j.s.AbstractConnector: Started ServerConnector@1033576a{HTTP/1.1, (http/1.1)}{0.0.0.0:8080}
2024-07-17 13:45:01,640 INFO  [main] o.e.j.server.Server: Started Server@790da477{STARTING}[11.0.20,sto=0] @676ms
2024-07-17 13:45:01,641 INFO  [main] i.j.u.JavalinLogger: 
       __                  ___           _____
      / /___ __   ______ _/ (_)___      / ___/
 __  / / __ `/ | / / __ `/ / / __ \    / __ \
/ /_/ / /_/ /| |/ / /_/ / / / / / /   / /_/ /
\____/\__,_/ |___/\__,_/_/_/_/ /_/    \____/

       https://javalin.io/documentation

2024-07-17 13:45:01,641 INFO  [main] i.j.u.JavalinLogger: Javalin started in 226ms \o/
2024-07-17 13:45:01,645 INFO  [main] i.j.u.JavalinLogger: Listening on http://localhost:8080/
2024-07-17 13:45:01,654 INFO  [main] i.j.u.JavalinLogger: You are running Javalin 6.1.3 (released March 2, 2024. Your Javalin version is 137 days old. Consider checking for a newer version.).
2024-07-17 13:45:39,391 INFO  [main] o.r.B.BankFrontController: Beryl Bank is up and running
2024-07-17 13:45:39,574 INFO  [main] i.j.u.JavalinLogger: Starting Javalin ...
2024-07-17 13:45:39,576 INFO  [main] o.e.j.server.Server: jetty-11.0.20; built: 2024-01-29T21:04:22.394Z; git: 922f8dc188f7011e60d0361de585fd4ac4d63064; jvm 20+36-2344
2024-07-17 13:45:39,628 INFO  [main] o.e.j.s.s.DefaultSessionIdManager: Session workerName=node0
2024-07-17 13:45:39,638 INFO  [main] o.e.j.s.h.ContextHandler: Started o.e.j.s.ServletContextHandler@3370f42{/,null,AVAILABLE}
2024-07-17 13:45:39,701 INFO  [main] o.e.j.s.AbstractConnector: Started ServerConnector@1033576a{HTTP/1.1, (http/1.1)}{0.0.0.0:8080}
2024-07-17 13:45:39,709 INFO  [main] o.e.j.server.Server: Started Server@790da477{STARTING}[11.0.20,sto=0] @669ms
2024-07-17 13:45:39,709 INFO  [main] i.j.u.JavalinLogger: 
       __                  ___           _____
      / /___ __   ______ _/ (_)___      / ___/
 __  / / __ `/ | / / __ `/ / / __ \    / __ \
/ /_/ / /_/ /| |/ / /_/ / / / / / /   / /_/ /
\____/\__,_/ |___/\__,_/_/_/_/ /_/    \____/

       https://javalin.io/documentation

2024-07-17 13:45:39,710 INFO  [main] i.j.u.JavalinLogger: Javalin started in 214ms \o/
2024-07-17 13:45:39,713 INFO  [main] i.j.u.JavalinLogger: Listening on http://localhost:8080/
2024-07-17 13:45:39,722 INFO  [main] i.j.u.JavalinLogger: You are running Javalin 6.1.3 (released March 2, 2024. Your Javalin version is 137 days old. Consider checking for a newer version.).
2024-07-17 13:45:49,830 INFO  [JettyServerThreadPool-45] o.r.B.U.UserController: Accessing getAllUsers
2024-07-17 13:45:49,977 INFO  [JettyServerThreadPool-45] o.r.B.U.UserController: All users found, converting to json...
2024-07-17 13:45:50,108 INFO  [JettyServerThreadPool-45] o.r.B.U.UserController: Users [
User ID: 1
Email: miguel@email.com
, 
User ID: 2
Email: helguero@email.com
, 
User ID: 3
Email: josh@gmail.com
, 
User ID: 4
Email: charles@revature.com
, 
User ID: 5
Email: zoey@email.com
, 
User ID: 6
Email: bob@email.com
, 
User ID: 7
Email: jose@yahoo.com
]
2024-07-17 13:45:53,544 INFO  [JettyServerThreadPool-34] o.r.B.U.UserController: Creating user...
2024-07-17 13:45:53,692 INFO  [JettyServerThreadPool-34] o.r.B.U.UserController: User created: 
User ID: 8
Email: will@email.com

2024-07-17 13:46:04,840 INFO  [JettyServerThreadPool-39] o.r.B.U.UserController: Accessing login...
2024-07-17 13:46:04,841 INFO  [JettyServerThreadPool-39] o.r.B.U.UserController: Email will@email.com, Password willpassword, was sent in through path parameter.
2024-07-17 13:46:04,873 INFO  [JettyServerThreadPool-39] o.r.B.U.UserController: User logged in: 
User ID: 8
Email: will@email.com

2024-07-17 13:46:11,041 INFO  [JettyServerThreadPool-43] o.r.B.U.UserController: Accessing getAllUsers
2024-07-17 13:46:11,072 INFO  [JettyServerThreadPool-43] o.r.B.U.UserController: All users found, converting to json...
2024-07-17 13:46:11,072 INFO  [JettyServerThreadPool-43] o.r.B.U.UserController: Users [
User ID: 1
Email: miguel@email.com
, 
User ID: 2
Email: helguero@email.com
, 
User ID: 3
Email: josh@gmail.com
, 
User ID: 4
Email: charles@revature.com
, 
User ID: 5
Email: zoey@email.com
, 
User ID: 6
Email: bob@email.com
, 
User ID: 7
Email: jose@yahoo.com
, 
User ID: 8
Email: will@email.com
]
2024-07-17 13:46:16,212 INFO  [JettyServerThreadPool-39] o.r.B.A.AccountController: Accessing getAccountsById...
2024-07-17 13:46:16,213 INFO  [JettyServerThreadPool-39] o.r.B.A.AccountController: UserId 8, was sent in through path parameter.
2024-07-17 13:46:16,248 INFO  [JettyServerThreadPool-39] o.r.B.A.AccountController: Accounts for UserId = 8:
2024-07-17 13:46:19,133 INFO  [JettyServerThreadPool-43] o.r.B.A.AccountController: Making deposit...
2024-07-17 13:46:19,133 INFO  [JettyServerThreadPool-43] o.r.B.A.AccountController: UserId 8, AccountType savings, deposit amount 123.45 was sent in through path parameter.
2024-07-17 13:46:19,162 WARN  [JettyServerThreadPool-43] o.r.B.A.AccountController: The user does not have that account type.
2024-07-17 13:46:23,514 INFO  [JettyServerThreadPool-39] o.r.B.A.AccountController: Creating account...
2024-07-17 13:46:23,515 INFO  [JettyServerThreadPool-39] o.r.B.A.AccountController: UserId 8, AccountType savings, was sent in through path parameter.
2024-07-17 13:46:23,591 INFO  [JettyServerThreadPool-39] o.r.B.A.AccountRepository: insert into accounts(account_type, user_id) values(('savings'), ('8'::int4)) returning account_id
2024-07-17 13:46:23,598 INFO  [JettyServerThreadPool-39] o.r.B.A.AccountController: Account created: 
Account Id: 111222010
User ID: 8
Account Type: savings
Balance: 0.0

2024-07-17 13:46:25,293 INFO  [JettyServerThreadPool-43] o.r.B.A.AccountController: Accessing getAccountsById...
2024-07-17 13:46:25,294 INFO  [JettyServerThreadPool-43] o.r.B.A.AccountController: UserId 8, was sent in through path parameter.
2024-07-17 13:46:25,323 INFO  [JettyServerThreadPool-43] o.r.B.A.AccountController: Accounts for UserId = 8:
2024-07-17 13:46:25,324 INFO  [JettyServerThreadPool-43] o.r.B.A.AccountController: 
Account Id: 111222010
Account Type: savings
Account Balance: $0.00
2024-07-17 13:46:35,030 INFO  [JettyServerThreadPool-39] o.r.B.A.AccountController: Making deposit...
2024-07-17 13:46:35,030 INFO  [JettyServerThreadPool-39] o.r.B.A.AccountController: UserId 8, AccountType savings, deposit amount -123.45 was sent in through path parameter.
2024-07-17 13:46:35,031 WARN  [JettyServerThreadPool-39] o.r.B.A.AccountController: Deposit cannot be negative.
2024-07-17 13:46:40,927 INFO  [JettyServerThreadPool-43] o.r.B.A.AccountController: Accessing getAccountsById...
2024-07-17 13:46:40,927 INFO  [JettyServerThreadPool-43] o.r.B.A.AccountController: UserId 8, was sent in through path parameter.
2024-07-17 13:46:40,957 INFO  [JettyServerThreadPool-43] o.r.B.A.AccountController: Accounts for UserId = 8:
2024-07-17 13:46:40,957 INFO  [JettyServerThreadPool-43] o.r.B.A.AccountController: 
Account Id: 111222010
Account Type: savings
Account Balance: $0.00
2024-07-17 13:46:44,559 INFO  [JettyServerThreadPool-39] o.r.B.A.AccountController: Making deposit...
2024-07-17 13:46:44,559 INFO  [JettyServerThreadPool-39] o.r.B.A.AccountController: UserId 8, AccountType savings, deposit amount 123.45 was sent in through path parameter.
2024-07-17 13:46:44,619 INFO  [JettyServerThreadPool-39] o.r.B.A.AccountRepository: update accounts set balance = balance + ('123.45'::double precision) where user_id = ('8'::int4) and account_type = ('savings') returning account_id, balance
2024-07-17 13:46:44,623 INFO  [JettyServerThreadPool-39] o.r.B.A.AccountController: Deposit successful!
Account Id: 111222010
Account Type: savings
Account Balance: 123.45
2024-07-17 13:46:49,109 INFO  [JettyServerThreadPool-43] o.r.B.A.AccountController: Accessing getAccountsById...
2024-07-17 13:46:49,109 INFO  [JettyServerThreadPool-43] o.r.B.A.AccountController: UserId 8, was sent in through path parameter.
2024-07-17 13:46:49,141 INFO  [JettyServerThreadPool-43] o.r.B.A.AccountController: Accounts for UserId = 8:
2024-07-17 13:46:49,141 INFO  [JettyServerThreadPool-43] o.r.B.A.AccountController: 
Account Id: 111222010
Account Type: savings
Account Balance: $123.45
2024-07-17 13:46:51,867 INFO  [JettyServerThreadPool-39] o.r.B.A.AccountController: Creating account...
2024-07-17 13:46:51,867 INFO  [JettyServerThreadPool-39] o.r.B.A.AccountController: UserId 8, AccountType savings, was sent in through path parameter.
2024-07-17 13:46:51,896 WARN  [JettyServerThreadPool-39] o.r.B.A.AccountController: The user already has that account type.
2024-07-17 13:49:32,152 INFO  [main] o.r.B.BankFrontController: Beryl Bank is up and running
2024-07-17 13:49:32,334 INFO  [main] i.j.u.JavalinLogger: Starting Javalin ...
2024-07-17 13:49:32,336 INFO  [main] o.e.j.server.Server: jetty-11.0.20; built: 2024-01-29T21:04:22.394Z; git: 922f8dc188f7011e60d0361de585fd4ac4d63064; jvm 20+36-2344
2024-07-17 13:49:32,388 INFO  [main] o.e.j.s.s.DefaultSessionIdManager: Session workerName=node0
2024-07-17 13:49:32,398 INFO  [main] o.e.j.s.h.ContextHandler: Started o.e.j.s.ServletContextHandler@3370f42{/,null,AVAILABLE}
2024-07-17 13:49:32,462 INFO  [main] o.e.j.s.AbstractConnector: Started ServerConnector@1033576a{HTTP/1.1, (http/1.1)}{0.0.0.0:8080}
2024-07-17 13:49:32,470 INFO  [main] o.e.j.server.Server: Started Server@790da477{STARTING}[11.0.20,sto=0] @671ms
2024-07-17 13:49:32,471 INFO  [main] i.j.u.JavalinLogger: 
       __                  ___           _____
      / /___ __   ______ _/ (_)___      / ___/
 __  / / __ `/ | / / __ `/ / / __ \    / __ \
/ /_/ / /_/ /| |/ / /_/ / / / / / /   / /_/ /
\____/\__,_/ |___/\__,_/_/_/_/ /_/    \____/

       https://javalin.io/documentation

2024-07-17 13:49:32,471 INFO  [main] i.j.u.JavalinLogger: Javalin started in 212ms \o/
2024-07-17 13:49:32,474 INFO  [main] i.j.u.JavalinLogger: Listening on http://localhost:8080/
2024-07-17 13:49:32,483 INFO  [main] i.j.u.JavalinLogger: You are running Javalin 6.1.3 (released March 2, 2024. Your Javalin version is 137 days old. Consider checking for a newer version.).
2024-07-17 13:49:39,607 INFO  [JettyServerThreadPool-46] o.r.B.U.UserController: Accessing getAllUsers
2024-07-17 13:49:39,757 INFO  [JettyServerThreadPool-46] o.r.B.U.UserController: All users found, converting to json...
2024-07-17 13:49:39,898 INFO  [JettyServerThreadPool-46] o.r.B.U.UserController: Users [
User ID: 1
Email: miguel@email.com
, 
User ID: 2
Email: helguero@email.com
, 
User ID: 3
Email: josh@gmail.com
, 
User ID: 4
Email: charles@revature.com
, 
User ID: 5
Email: zoey@email.com
, 
User ID: 6
Email: bob@email.com
, 
User ID: 7
Email: jose@yahoo.com
]
2024-07-17 13:49:43,716 INFO  [JettyServerThreadPool-34] o.r.B.U.UserController: Accessing login...
2024-07-17 13:49:43,717 INFO  [JettyServerThreadPool-34] o.r.B.U.UserController: Email will@email.com, Password willpassword, was sent in through path parameter.
2024-07-17 13:49:43,751 WARN  [JettyServerThreadPool-34] o.r.B.U.UserController: No user with those credentials was found.
2024-07-17 13:49:53,009 INFO  [JettyServerThreadPool-39] o.r.B.U.UserController: Creating user...
2024-07-17 13:49:53,044 INFO  [JettyServerThreadPool-39] o.r.B.U.UserController: User created: 
User ID: 8
Email: will@email.com

2024-07-17 13:49:55,129 INFO  [JettyServerThreadPool-43] o.r.B.U.UserController: Accessing getAllUsers
2024-07-17 13:49:55,161 INFO  [JettyServerThreadPool-43] o.r.B.U.UserController: All users found, converting to json...
2024-07-17 13:49:55,162 INFO  [JettyServerThreadPool-43] o.r.B.U.UserController: Users [
User ID: 1
Email: miguel@email.com
, 
User ID: 2
Email: helguero@email.com
, 
User ID: 3
Email: josh@gmail.com
, 
User ID: 4
Email: charles@revature.com
, 
User ID: 5
Email: zoey@email.com
, 
User ID: 6
Email: bob@email.com
, 
User ID: 7
Email: jose@yahoo.com
, 
User ID: 8
Email: will@email.com
]
2024-07-17 13:49:58,209 INFO  [JettyServerThreadPool-39] o.r.B.U.UserController: Accessing login...
2024-07-17 13:49:58,210 INFO  [JettyServerThreadPool-39] o.r.B.U.UserController: Email will@email.com, Password willpassword, was sent in through path parameter.
2024-07-17 13:49:58,241 INFO  [JettyServerThreadPool-39] o.r.B.U.UserController: User logged in: 
User ID: 8
Email: will@email.com

2024-07-17 13:50:04,213 INFO  [JettyServerThreadPool-43] o.r.B.A.AccountController: Accessing getAccountsById...
2024-07-17 13:50:04,214 INFO  [JettyServerThreadPool-43] o.r.B.A.AccountController: UserId 8, was sent in through path parameter.
2024-07-17 13:50:04,248 INFO  [JettyServerThreadPool-43] o.r.B.A.AccountController: Accounts for UserId = 8:
2024-07-17 13:50:06,899 INFO  [JettyServerThreadPool-39] o.r.B.A.AccountController: Creating account...
2024-07-17 13:50:06,899 INFO  [JettyServerThreadPool-39] o.r.B.A.AccountController: UserId 8, AccountType savings, was sent in through path parameter.
2024-07-17 13:50:06,957 INFO  [JettyServerThreadPool-39] o.r.B.A.AccountRepository: insert into accounts(account_type, user_id) values(('savings'), ('8'::int4)) returning account_id
2024-07-17 13:50:06,963 INFO  [JettyServerThreadPool-39] o.r.B.A.AccountController: Account created: 
Account Id: 111222010
User ID: 8
Account Type: savings
Balance: 0.0

2024-07-17 13:50:08,853 INFO  [JettyServerThreadPool-43] o.r.B.A.AccountController: Making deposit...
2024-07-17 13:50:08,854 INFO  [JettyServerThreadPool-43] o.r.B.A.AccountController: UserId 8, AccountType savings, deposit amount 123.45 was sent in through path parameter.
2024-07-17 13:50:08,912 INFO  [JettyServerThreadPool-43] o.r.B.A.AccountRepository: update accounts set balance = balance + ('123.45'::double precision) where user_id = ('8'::int4) and account_type = ('savings') returning account_id, balance
2024-07-17 13:50:08,915 INFO  [JettyServerThreadPool-43] o.r.B.A.AccountController: Deposit successful!
Account Id: 111222010
Account Type: savings
Account Balance: 123.45
2024-07-17 13:50:10,584 INFO  [JettyServerThreadPool-39] o.r.B.A.AccountController: Accessing getAccountsById...
2024-07-17 13:50:10,584 INFO  [JettyServerThreadPool-39] o.r.B.A.AccountController: UserId 8, was sent in through path parameter.
2024-07-17 13:50:10,615 INFO  [JettyServerThreadPool-39] o.r.B.A.AccountController: Accounts for UserId = 8:
2024-07-17 13:50:10,616 INFO  [JettyServerThreadPool-39] o.r.B.A.AccountController: 
Account Id: 111222010
Account Type: savings
Account Balance: $123.45
2024-07-17 15:26:19,976 INFO  [main] o.r.B.BankFrontController: Beryl Bank is up and running
2024-07-17 15:26:20,158 INFO  [main] i.j.u.JavalinLogger: Starting Javalin ...
2024-07-17 15:26:20,160 INFO  [main] o.e.j.server.Server: jetty-11.0.20; built: 2024-01-29T21:04:22.394Z; git: 922f8dc188f7011e60d0361de585fd4ac4d63064; jvm 20+36-2344
2024-07-17 15:26:20,210 INFO  [main] o.e.j.s.s.DefaultSessionIdManager: Session workerName=node0
2024-07-17 15:26:20,221 INFO  [main] o.e.j.s.h.ContextHandler: Started o.e.j.s.ServletContextHandler@4278284b{/,null,AVAILABLE}
2024-07-17 15:26:20,284 INFO  [main] o.e.j.s.AbstractConnector: Started ServerConnector@7c37508a{HTTP/1.1, (http/1.1)}{0.0.0.0:8080}
2024-07-17 15:26:20,292 INFO  [main] o.e.j.server.Server: Started Server@38467116{STARTING}[11.0.20,sto=0] @664ms
2024-07-17 15:26:20,293 INFO  [main] i.j.u.JavalinLogger: 
       __                  ___           _____
      / /___ __   ______ _/ (_)___      / ___/
 __  / / __ `/ | / / __ `/ / / __ \    / __ \
/ /_/ / /_/ /| |/ / /_/ / / / / / /   / /_/ /
\____/\__,_/ |___/\__,_/_/_/_/ /_/    \____/

       https://javalin.io/documentation

2024-07-17 15:26:20,293 INFO  [main] i.j.u.JavalinLogger: Javalin started in 210ms \o/
2024-07-17 15:26:20,296 INFO  [main] i.j.u.JavalinLogger: Listening on http://localhost:8080/
2024-07-17 15:26:20,306 INFO  [main] i.j.u.JavalinLogger: You are running Javalin 6.1.3 (released March 2, 2024. Your Javalin version is 137 days old. Consider checking for a newer version.).
2024-07-17 15:26:54,782 INFO  [JettyServerThreadPool-46] o.r.B.U.UserController: Accessing getAllUsers
2024-07-17 15:26:54,931 INFO  [JettyServerThreadPool-46] o.r.B.U.UserController: All users found, converting to json...
2024-07-17 15:26:55,060 INFO  [JettyServerThreadPool-46] o.r.B.U.UserController: Users [
User ID: 1
Email: miguel@email.com
, 
User ID: 2
Email: helguero@email.com
, 
User ID: 3
Email: josh@gmail.com
, 
User ID: 4
Email: charles@revature.com
, 
User ID: 5
Email: zoey@email.com
, 
User ID: 6
Email: bob@email.com
, 
User ID: 7
Email: jose@yahoo.com
]
2024-07-17 15:27:01,136 INFO  [JettyServerThreadPool-34] o.r.B.U.UserController: Creating user...
2024-07-17 15:27:01,179 INFO  [JettyServerThreadPool-34] o.r.B.U.UserController: User created: 
User ID: 8
Email: will@email.com

2024-07-17 15:27:03,187 INFO  [JettyServerThreadPool-43] o.r.B.U.UserController: Accessing getAllUsers
2024-07-17 15:27:03,219 INFO  [JettyServerThreadPool-43] o.r.B.U.UserController: All users found, converting to json...
2024-07-17 15:27:03,220 INFO  [JettyServerThreadPool-43] o.r.B.U.UserController: Users [
User ID: 1
Email: miguel@email.com
, 
User ID: 2
Email: helguero@email.com
, 
User ID: 3
Email: josh@gmail.com
, 
User ID: 4
Email: charles@revature.com
, 
User ID: 5
Email: zoey@email.com
, 
User ID: 6
Email: bob@email.com
, 
User ID: 7
Email: jose@yahoo.com
, 
User ID: 8
Email: will@email.com
]
2024-07-17 15:28:33,205 INFO  [JettyServerThreadPool-36] o.r.B.U.UserController: Accessing login...
2024-07-17 15:28:33,206 INFO  [JettyServerThreadPool-36] o.r.B.U.UserController: Email will@email.com, Password willpassword, was sent in through path parameter.
2024-07-17 15:28:33,238 INFO  [JettyServerThreadPool-36] o.r.B.U.UserController: User logged in: 
User ID: 8
Email: will@email.com

2024-07-17 15:28:38,851 INFO  [JettyServerThreadPool-34] o.r.B.A.AccountController: Accessing getAccountsById...
2024-07-17 15:28:38,852 INFO  [JettyServerThreadPool-34] o.r.B.A.AccountController: UserId 8, was sent in through path parameter.
2024-07-17 15:28:38,884 INFO  [JettyServerThreadPool-34] o.r.B.A.AccountController: Accounts for UserId = 8:
2024-07-17 15:28:46,909 INFO  [JettyServerThreadPool-47] o.r.B.A.AccountController: Creating account...
2024-07-17 15:28:46,909 INFO  [JettyServerThreadPool-47] o.r.B.A.AccountController: UserId 8, AccountType savings, was sent in through path parameter.
2024-07-17 15:28:46,969 INFO  [JettyServerThreadPool-47] o.r.B.A.AccountRepository: insert into accounts(account_type, user_id) values(('savings'), ('8'::int4)) returning account_id
2024-07-17 15:28:46,975 INFO  [JettyServerThreadPool-47] o.r.B.A.AccountController: Account created: 
Account Id: 111222010
User ID: 8
Account Type: savings
Balance: 0.0

2024-07-17 15:28:49,986 INFO  [JettyServerThreadPool-34] o.r.B.A.AccountController: Accessing getAccountsById...
2024-07-17 15:28:49,986 INFO  [JettyServerThreadPool-34] o.r.B.A.AccountController: UserId 8, was sent in through path parameter.
2024-07-17 15:28:50,015 INFO  [JettyServerThreadPool-34] o.r.B.A.AccountController: Accounts for UserId = 8:
2024-07-17 15:28:50,016 INFO  [JettyServerThreadPool-34] o.r.B.A.AccountController: 
Account Id: 111222010
Account Type: savings
Account Balance: $0.00
2024-07-17 15:28:54,164 INFO  [JettyServerThreadPool-47] o.r.B.A.AccountController: Making deposit...
2024-07-17 15:28:54,165 INFO  [JettyServerThreadPool-47] o.r.B.A.AccountController: UserId 8, AccountType savings, deposit amount 123.45 was sent in through path parameter.
2024-07-17 15:28:54,224 INFO  [JettyServerThreadPool-47] o.r.B.A.AccountRepository: update accounts set balance = balance + ('123.45'::double precision) where user_id = ('8'::int4) and account_type = ('savings') returning account_id, balance
2024-07-17 15:28:54,228 INFO  [JettyServerThreadPool-47] o.r.B.A.AccountController: Deposit successful!
Account Id: 111222010
Account Type: savings
Account Balance: 123.45
2024-07-17 15:28:56,928 INFO  [JettyServerThreadPool-34] o.r.B.A.AccountController: Accessing getAccountsById...
2024-07-17 15:28:56,928 INFO  [JettyServerThreadPool-34] o.r.B.A.AccountController: UserId 8, was sent in through path parameter.
2024-07-17 15:28:56,959 INFO  [JettyServerThreadPool-34] o.r.B.A.AccountController: Accounts for UserId = 8:
2024-07-17 15:28:56,959 INFO  [JettyServerThreadPool-34] o.r.B.A.AccountController: 
Account Id: 111222010
Account Type: savings
Account Balance: $123.45
2024-07-17 15:29:00,309 INFO  [JettyServerThreadPool-47] o.r.B.A.AccountController: Creating account...
2024-07-17 15:29:00,309 INFO  [JettyServerThreadPool-47] o.r.B.A.AccountController: UserId 8, AccountType savings, was sent in through path parameter.
2024-07-17 15:29:00,440 WARN  [JettyServerThreadPool-47] o.r.B.A.AccountController: The user already has that account type.
2024-07-17 15:29:59,561 INFO  [main] o.r.B.BankFrontController: Beryl Bank is up and running
2024-07-17 15:29:59,745 INFO  [main] i.j.u.JavalinLogger: Starting Javalin ...
2024-07-17 15:29:59,747 INFO  [main] o.e.j.server.Server: jetty-11.0.20; built: 2024-01-29T21:04:22.394Z; git: 922f8dc188f7011e60d0361de585fd4ac4d63064; jvm 20+36-2344
2024-07-17 15:29:59,799 INFO  [main] o.e.j.s.s.DefaultSessionIdManager: Session workerName=node0
2024-07-17 15:29:59,809 INFO  [main] o.e.j.s.h.ContextHandler: Started o.e.j.s.ServletContextHandler@4278284b{/,null,AVAILABLE}
2024-07-17 15:29:59,881 INFO  [main] o.e.j.s.AbstractConnector: Started ServerConnector@7c37508a{HTTP/1.1, (http/1.1)}{0.0.0.0:8080}
2024-07-17 15:29:59,891 INFO  [main] o.e.j.server.Server: Started Server@38467116{STARTING}[11.0.20,sto=0] @683ms
2024-07-17 15:29:59,891 INFO  [main] i.j.u.JavalinLogger: 
       __                  ___           _____
      / /___ __   ______ _/ (_)___      / ___/
 __  / / __ `/ | / / __ `/ / / __ \    / __ \
/ /_/ / /_/ /| |/ / /_/ / / / / / /   / /_/ /
\____/\__,_/ |___/\__,_/_/_/_/ /_/    \____/

       https://javalin.io/documentation

2024-07-17 15:29:59,891 INFO  [main] i.j.u.JavalinLogger: Javalin started in 224ms \o/
2024-07-17 15:29:59,895 INFO  [main] i.j.u.JavalinLogger: Listening on http://localhost:8080/
2024-07-17 15:29:59,906 INFO  [main] i.j.u.JavalinLogger: You are running Javalin 6.1.3 (released March 2, 2024. Your Javalin version is 137 days old. Consider checking for a newer version.).
2024-07-17 15:30:01,929 INFO  [JettyServerThreadPool-46] o.r.B.A.AccountController: Making withdrawal...
2024-07-17 15:30:01,931 WARN  [JettyServerThreadPool-46] i.j.u.JavalinLogger: Uncaught exception
java.lang.NullPointerException: Cannot invoke "String.trim()" because "in" is null
	at java.base/jdk.internal.math.FloatingDecimal.readJavaFormatString(FloatingDecimal.java:1838)
	at java.base/jdk.internal.math.FloatingDecimal.parseDouble(FloatingDecimal.java:110)
	at java.base/java.lang.Double.parseDouble(Double.java:792)
	at org.revature.Bank.Account.AccountController.postWithdraw(AccountController.java:110)
	at io.javalin.router.Endpoint.handle(Endpoint.kt:52)
	at io.javalin.router.ParsedEndpoint.handle(ParsedEndpoint.kt:15)
	at io.javalin.http.servlet.DefaultTasks.HTTP$lambda$9$lambda$7$lambda$6(DefaultTasks.kt:52)
	at io.javalin.http.servlet.JavalinServlet.handleTask(JavalinServlet.kt:99)
	at io.javalin.http.servlet.JavalinServlet.handleSync(JavalinServlet.kt:64)
	at io.javalin.http.servlet.JavalinServlet.handle(JavalinServlet.kt:50)
	at io.javalin.http.servlet.JavalinServlet.service(JavalinServlet.kt:30)
	at jakarta.servlet.http.HttpServlet.service(HttpServlet.java:587)
	at io.javalin.jetty.JavalinJettyServlet.service(JavalinJettyServlet.kt:52)
	at jakarta.servlet.http.HttpServlet.service(HttpServlet.java:587)
	at org.eclipse.jetty.servlet.ServletHolder.handle(ServletHolder.java:764)
	at org.eclipse.jetty.servlet.ServletHandler.doHandle(ServletHandler.java:529)
	at org.eclipse.jetty.server.handler.ScopedHandler.nextHandle(ScopedHandler.java:221)
	at org.eclipse.jetty.server.session.SessionHandler.doHandle(SessionHandler.java:1580)
	at org.eclipse.jetty.server.handler.ScopedHandler.nextHandle(ScopedHandler.java:221)
	at org.eclipse.jetty.server.handler.ContextHandler.doHandle(ContextHandler.java:1381)
	at org.eclipse.jetty.server.handler.ScopedHandler.nextScope(ScopedHandler.java:176)
	at org.eclipse.jetty.servlet.ServletHandler.doScope(ServletHandler.java:484)
	at org.eclipse.jetty.server.session.SessionHandler.doScope(SessionHandler.java:1553)
	at org.eclipse.jetty.server.handler.ScopedHandler.nextScope(ScopedHandler.java:174)
	at org.eclipse.jetty.server.handler.ContextHandler.doScope(ContextHandler.java:1303)
	at org.eclipse.jetty.server.handler.ScopedHandler.handle(ScopedHandler.java:129)
	at org.eclipse.jetty.server.handler.StatisticsHandler.handle(StatisticsHandler.java:173)
	at org.eclipse.jetty.server.handler.HandlerWrapper.handle(HandlerWrapper.java:122)
	at org.eclipse.jetty.server.Server.handle(Server.java:563)
	at org.eclipse.jetty.server.HttpChannel$RequestDispatchable.dispatch(HttpChannel.java:1598)
	at org.eclipse.jetty.server.HttpChannel.dispatch(HttpChannel.java:753)
	at org.eclipse.jetty.server.HttpChannel.handle(HttpChannel.java:501)
	at org.eclipse.jetty.server.HttpConnection.onFillable(HttpConnection.java:287)
	at org.eclipse.jetty.io.AbstractConnection$ReadCallback.succeeded(AbstractConnection.java:314)
	at org.eclipse.jetty.io.FillInterest.fillable(FillInterest.java:100)
	at org.eclipse.jetty.io.SelectableChannelEndPoint$1.run(SelectableChannelEndPoint.java:53)
	at org.eclipse.jetty.util.thread.QueuedThreadPool.runJob(QueuedThreadPool.java:969)
	at org.eclipse.jetty.util.thread.QueuedThreadPool$Runner.doRunJob(QueuedThreadPool.java:1194)
	at org.eclipse.jetty.util.thread.QueuedThreadPool$Runner.run(QueuedThreadPool.java:1149)
	at java.base/java.lang.Thread.run(Thread.java:1623)
2024-07-17 15:30:50,947 INFO  [main] o.r.B.BankFrontController: Beryl Bank is up and running
2024-07-17 15:30:51,128 INFO  [main] i.j.u.JavalinLogger: Starting Javalin ...
2024-07-17 15:30:51,130 INFO  [main] o.e.j.server.Server: jetty-11.0.20; built: 2024-01-29T21:04:22.394Z; git: 922f8dc188f7011e60d0361de585fd4ac4d63064; jvm 20+36-2344
2024-07-17 15:30:51,179 INFO  [main] o.e.j.s.s.DefaultSessionIdManager: Session workerName=node0
2024-07-17 15:30:51,188 INFO  [main] o.e.j.s.h.ContextHandler: Started o.e.j.s.ServletContextHandler@6057aebb{/,null,AVAILABLE}
2024-07-17 15:30:51,253 INFO  [main] o.e.j.s.AbstractConnector: Started ServerConnector@303cf2ba{HTTP/1.1, (http/1.1)}{0.0.0.0:8080}
2024-07-17 15:30:51,262 INFO  [main] o.e.j.server.Server: Started Server@5c7933ad{STARTING}[11.0.20,sto=0] @670ms
2024-07-17 15:30:51,263 INFO  [main] i.j.u.JavalinLogger: 
       __                  ___           _____
      / /___ __   ______ _/ (_)___      / ___/
 __  / / __ `/ | / / __ `/ / / __ \    / __ \
/ /_/ / /_/ /| |/ / /_/ / / / / / /   / /_/ /
\____/\__,_/ |___/\__,_/_/_/_/ /_/    \____/

       https://javalin.io/documentation

2024-07-17 15:30:51,263 INFO  [main] i.j.u.JavalinLogger: Javalin started in 208ms \o/
2024-07-17 15:30:51,267 INFO  [main] i.j.u.JavalinLogger: Listening on http://localhost:8080/
2024-07-17 15:30:51,276 INFO  [main] i.j.u.JavalinLogger: You are running Javalin 6.1.3 (released March 2, 2024. Your Javalin version is 137 days old. Consider checking for a newer version.).
2024-07-17 15:30:54,320 INFO  [JettyServerThreadPool-46] o.r.B.A.AccountController: Making withdrawal...
2024-07-17 15:30:54,323 WARN  [JettyServerThreadPool-46] i.j.u.JavalinLogger: Uncaught exception
java.lang.NumberFormatException: Cannot parse null string
	at java.base/java.lang.Integer.parseInt(Integer.java:627)
	at java.base/java.lang.Integer.parseInt(Integer.java:781)
	at org.revature.Bank.Account.AccountController.postWithdraw(AccountController.java:111)
	at io.javalin.router.Endpoint.handle(Endpoint.kt:52)
	at io.javalin.router.ParsedEndpoint.handle(ParsedEndpoint.kt:15)
	at io.javalin.http.servlet.DefaultTasks.HTTP$lambda$9$lambda$7$lambda$6(DefaultTasks.kt:52)
	at io.javalin.http.servlet.JavalinServlet.handleTask(JavalinServlet.kt:99)
	at io.javalin.http.servlet.JavalinServlet.handleSync(JavalinServlet.kt:64)
	at io.javalin.http.servlet.JavalinServlet.handle(JavalinServlet.kt:50)
	at io.javalin.http.servlet.JavalinServlet.service(JavalinServlet.kt:30)
	at jakarta.servlet.http.HttpServlet.service(HttpServlet.java:587)
	at io.javalin.jetty.JavalinJettyServlet.service(JavalinJettyServlet.kt:52)
	at jakarta.servlet.http.HttpServlet.service(HttpServlet.java:587)
	at org.eclipse.jetty.servlet.ServletHolder.handle(ServletHolder.java:764)
	at org.eclipse.jetty.servlet.ServletHandler.doHandle(ServletHandler.java:529)
	at org.eclipse.jetty.server.handler.ScopedHandler.nextHandle(ScopedHandler.java:221)
	at org.eclipse.jetty.server.session.SessionHandler.doHandle(SessionHandler.java:1580)
	at org.eclipse.jetty.server.handler.ScopedHandler.nextHandle(ScopedHandler.java:221)
	at org.eclipse.jetty.server.handler.ContextHandler.doHandle(ContextHandler.java:1381)
	at org.eclipse.jetty.server.handler.ScopedHandler.nextScope(ScopedHandler.java:176)
	at org.eclipse.jetty.servlet.ServletHandler.doScope(ServletHandler.java:484)
	at org.eclipse.jetty.server.session.SessionHandler.doScope(SessionHandler.java:1553)
	at org.eclipse.jetty.server.handler.ScopedHandler.nextScope(ScopedHandler.java:174)
	at org.eclipse.jetty.server.handler.ContextHandler.doScope(ContextHandler.java:1303)
	at org.eclipse.jetty.server.handler.ScopedHandler.handle(ScopedHandler.java:129)
	at org.eclipse.jetty.server.handler.StatisticsHandler.handle(StatisticsHandler.java:173)
	at org.eclipse.jetty.server.handler.HandlerWrapper.handle(HandlerWrapper.java:122)
	at org.eclipse.jetty.server.Server.handle(Server.java:563)
	at org.eclipse.jetty.server.HttpChannel$RequestDispatchable.dispatch(HttpChannel.java:1598)
	at org.eclipse.jetty.server.HttpChannel.dispatch(HttpChannel.java:753)
	at org.eclipse.jetty.server.HttpChannel.handle(HttpChannel.java:501)
	at org.eclipse.jetty.server.HttpConnection.onFillable(HttpConnection.java:287)
	at org.eclipse.jetty.io.AbstractConnection$ReadCallback.succeeded(AbstractConnection.java:314)
	at org.eclipse.jetty.io.FillInterest.fillable(FillInterest.java:100)
	at org.eclipse.jetty.io.SelectableChannelEndPoint$1.run(SelectableChannelEndPoint.java:53)
	at org.eclipse.jetty.util.thread.QueuedThreadPool.runJob(QueuedThreadPool.java:969)
	at org.eclipse.jetty.util.thread.QueuedThreadPool$Runner.doRunJob(QueuedThreadPool.java:1194)
	at org.eclipse.jetty.util.thread.QueuedThreadPool$Runner.run(QueuedThreadPool.java:1149)
	at java.base/java.lang.Thread.run(Thread.java:1623)
2024-07-17 15:31:18,795 INFO  [JettyServerThreadPool-34] o.r.B.A.AccountController: Accessing getAccountsById...
2024-07-17 15:31:18,795 INFO  [JettyServerThreadPool-34] o.r.B.A.AccountController: UserId 8, was sent in through path parameter.
2024-07-17 15:31:19,057 INFO  [JettyServerThreadPool-34] o.r.B.A.AccountController: Accounts for UserId = 8:
2024-07-17 15:31:19,058 INFO  [JettyServerThreadPool-34] o.r.B.A.AccountController: 
Account Id: 111222010
Account Type: savings
Account Balance: $123.45
2024-07-17 15:31:22,443 INFO  [JettyServerThreadPool-43] o.r.B.A.AccountController: Creating account...
2024-07-17 15:31:22,443 INFO  [JettyServerThreadPool-43] o.r.B.A.AccountController: UserId 8, AccountType savings, was sent in through path parameter.
2024-07-17 15:31:22,475 WARN  [JettyServerThreadPool-43] o.r.B.A.AccountController: The user already has that account type.
2024-07-17 15:31:34,086 INFO  [JettyServerThreadPool-39] o.r.B.A.AccountController: Making deposit...
2024-07-17 15:31:34,087 INFO  [JettyServerThreadPool-39] o.r.B.A.AccountController: UserId 8, AccountType savings, deposit amount 123.45 was sent in through path parameter.
2024-07-17 15:31:34,155 INFO  [JettyServerThreadPool-39] o.r.B.A.AccountRepository: update accounts set balance = balance + ('123.45'::double precision) where user_id = ('8'::int4) and account_type = ('savings') returning account_id, balance
2024-07-17 15:31:34,159 INFO  [JettyServerThreadPool-39] o.r.B.A.AccountController: Deposit successful!
Account Id: 111222010
Account Type: savings
Account Balance: 246.9
2024-07-17 15:31:37,849 INFO  [JettyServerThreadPool-43] o.r.B.A.AccountController: Accessing getAccountsById...
2024-07-17 15:31:37,849 INFO  [JettyServerThreadPool-43] o.r.B.A.AccountController: UserId 8, was sent in through path parameter.
2024-07-17 15:31:37,879 INFO  [JettyServerThreadPool-43] o.r.B.A.AccountController: Accounts for UserId = 8:
2024-07-17 15:31:37,880 INFO  [JettyServerThreadPool-43] o.r.B.A.AccountController: 
Account Id: 111222010
Account Type: savings
Account Balance: $246.90
2024-07-17 15:32:34,711 INFO  [JettyServerThreadPool-36] o.r.B.A.AccountController: Making withdrawal...
2024-07-17 15:32:34,711 WARN  [JettyServerThreadPool-36] i.j.u.JavalinLogger: Uncaught exception
java.lang.NumberFormatException: Cannot parse null string
	at java.base/java.lang.Integer.parseInt(Integer.java:627)
	at java.base/java.lang.Integer.parseInt(Integer.java:781)
	at org.revature.Bank.Account.AccountController.postWithdraw(AccountController.java:111)
	at io.javalin.router.Endpoint.handle(Endpoint.kt:52)
	at io.javalin.router.ParsedEndpoint.handle(ParsedEndpoint.kt:15)
	at io.javalin.http.servlet.DefaultTasks.HTTP$lambda$9$lambda$7$lambda$6(DefaultTasks.kt:52)
	at io.javalin.http.servlet.JavalinServlet.handleTask(JavalinServlet.kt:99)
	at io.javalin.http.servlet.JavalinServlet.handleSync(JavalinServlet.kt:64)
	at io.javalin.http.servlet.JavalinServlet.handle(JavalinServlet.kt:50)
	at io.javalin.http.servlet.JavalinServlet.service(JavalinServlet.kt:30)
	at jakarta.servlet.http.HttpServlet.service(HttpServlet.java:587)
	at io.javalin.jetty.JavalinJettyServlet.service(JavalinJettyServlet.kt:52)
	at jakarta.servlet.http.HttpServlet.service(HttpServlet.java:587)
	at org.eclipse.jetty.servlet.ServletHolder.handle(ServletHolder.java:764)
	at org.eclipse.jetty.servlet.ServletHandler.doHandle(ServletHandler.java:529)
	at org.eclipse.jetty.server.handler.ScopedHandler.nextHandle(ScopedHandler.java:221)
	at org.eclipse.jetty.server.session.SessionHandler.doHandle(SessionHandler.java:1580)
	at org.eclipse.jetty.server.handler.ScopedHandler.nextHandle(ScopedHandler.java:221)
	at org.eclipse.jetty.server.handler.ContextHandler.doHandle(ContextHandler.java:1381)
	at org.eclipse.jetty.server.handler.ScopedHandler.nextScope(ScopedHandler.java:176)
	at org.eclipse.jetty.servlet.ServletHandler.doScope(ServletHandler.java:484)
	at org.eclipse.jetty.server.session.SessionHandler.doScope(SessionHandler.java:1553)
	at org.eclipse.jetty.server.handler.ScopedHandler.nextScope(ScopedHandler.java:174)
	at org.eclipse.jetty.server.handler.ContextHandler.doScope(ContextHandler.java:1303)
	at org.eclipse.jetty.server.handler.ScopedHandler.handle(ScopedHandler.java:129)
	at org.eclipse.jetty.server.handler.StatisticsHandler.handle(StatisticsHandler.java:173)
	at org.eclipse.jetty.server.handler.HandlerWrapper.handle(HandlerWrapper.java:122)
	at org.eclipse.jetty.server.Server.handle(Server.java:563)
	at org.eclipse.jetty.server.HttpChannel$RequestDispatchable.dispatch(HttpChannel.java:1598)
	at org.eclipse.jetty.server.HttpChannel.dispatch(HttpChannel.java:753)
	at org.eclipse.jetty.server.HttpChannel.handle(HttpChannel.java:501)
	at org.eclipse.jetty.server.HttpConnection.onFillable(HttpConnection.java:287)
	at org.eclipse.jetty.io.AbstractConnection$ReadCallback.succeeded(AbstractConnection.java:314)
	at org.eclipse.jetty.io.FillInterest.fillable(FillInterest.java:100)
	at org.eclipse.jetty.io.SelectableChannelEndPoint$1.run(SelectableChannelEndPoint.java:53)
	at org.eclipse.jetty.util.thread.strategy.AdaptiveExecutionStrategy.runTask(AdaptiveExecutionStrategy.java:421)
	at org.eclipse.jetty.util.thread.strategy.AdaptiveExecutionStrategy.consumeTask(AdaptiveExecutionStrategy.java:390)
	at org.eclipse.jetty.util.thread.strategy.AdaptiveExecutionStrategy.tryProduce(AdaptiveExecutionStrategy.java:277)
	at org.eclipse.jetty.util.thread.strategy.AdaptiveExecutionStrategy.produce(AdaptiveExecutionStrategy.java:193)
	at org.eclipse.jetty.util.thread.QueuedThreadPool.runJob(QueuedThreadPool.java:969)
	at org.eclipse.jetty.util.thread.QueuedThreadPool$Runner.doRunJob(QueuedThreadPool.java:1194)
	at org.eclipse.jetty.util.thread.QueuedThreadPool$Runner.run(QueuedThreadPool.java:1149)
	at java.base/java.lang.Thread.run(Thread.java:1623)
2024-07-17 15:32:48,156 INFO  [main] o.r.B.BankFrontController: Beryl Bank is up and running
2024-07-17 15:32:48,346 INFO  [main] i.j.u.JavalinLogger: Starting Javalin ...
2024-07-17 15:32:48,348 INFO  [main] o.e.j.server.Server: jetty-11.0.20; built: 2024-01-29T21:04:22.394Z; git: 922f8dc188f7011e60d0361de585fd4ac4d63064; jvm 20+36-2344
2024-07-17 15:32:48,405 INFO  [main] o.e.j.s.s.DefaultSessionIdManager: Session workerName=node0
2024-07-17 15:32:48,417 INFO  [main] o.e.j.s.h.ContextHandler: Started o.e.j.s.ServletContextHandler@4278284b{/,null,AVAILABLE}
2024-07-17 15:32:48,485 INFO  [main] o.e.j.s.AbstractConnector: Started ServerConnector@7c37508a{HTTP/1.1, (http/1.1)}{0.0.0.0:8080}
2024-07-17 15:32:48,493 INFO  [main] o.e.j.server.Server: Started Server@38467116{STARTING}[11.0.20,sto=0] @724ms
2024-07-17 15:32:48,494 INFO  [main] i.j.u.JavalinLogger: 
       __                  ___           _____
      / /___ __   ______ _/ (_)___      / ___/
 __  / / __ `/ | / / __ `/ / / __ \    / __ \
/ /_/ / /_/ /| |/ / /_/ / / / / / /   / /_/ /
\____/\__,_/ |___/\__,_/_/_/_/ /_/    \____/

       https://javalin.io/documentation

2024-07-17 15:32:48,494 INFO  [main] i.j.u.JavalinLogger: Javalin started in 227ms \o/
2024-07-17 15:32:48,498 INFO  [main] i.j.u.JavalinLogger: Listening on http://localhost:8080/
2024-07-17 15:32:48,507 INFO  [main] i.j.u.JavalinLogger: You are running Javalin 6.1.3 (released March 2, 2024. Your Javalin version is 137 days old. Consider checking for a newer version.).
2024-07-17 15:32:49,785 INFO  [JettyServerThreadPool-45] o.r.B.A.AccountController: Making withdrawal...
2024-07-17 15:32:49,786 INFO  [JettyServerThreadPool-45] o.r.B.A.AccountController: UserID 8, AccountType savings, withdrawal amount 123.45 was sent in through path parameter
2024-07-17 15:32:49,996 INFO  [JettyServerThreadPool-45] o.r.B.A.AccountRepository: update accounts set balance = balance - ('123.45'::double precision) where user_id = ('8'::int4) and account_type = ('savings') returning account_id, balance
2024-07-17 15:32:50,002 INFO  [JettyServerThreadPool-45] o.r.B.A.AccountController: Withdrawal successful!
Account Id: 111222010
Account Type: savings
Account Balance: 123.45
2024-07-17 15:32:56,327 INFO  [JettyServerThreadPool-34] o.r.B.A.AccountController: Making withdrawal...
2024-07-17 15:32:56,328 INFO  [JettyServerThreadPool-34] o.r.B.A.AccountController: UserID 8, AccountType savings, withdrawal amount 123.0 was sent in through path parameter
2024-07-17 15:32:56,417 INFO  [JettyServerThreadPool-34] o.r.B.A.AccountRepository: update accounts set balance = balance - ('123.0'::double precision) where user_id = ('8'::int4) and account_type = ('savings') returning account_id, balance
2024-07-17 15:32:56,419 INFO  [JettyServerThreadPool-34] o.r.B.A.AccountController: Withdrawal successful!
Account Id: 111222010
Account Type: savings
Account Balance: 0.45
2024-07-17 15:32:59,936 INFO  [JettyServerThreadPool-39] o.r.B.A.AccountController: Accessing getAccountsById...
2024-07-17 15:32:59,936 INFO  [JettyServerThreadPool-39] o.r.B.A.AccountController: UserId 8, was sent in through path parameter.
2024-07-17 15:32:59,966 INFO  [JettyServerThreadPool-39] o.r.B.A.AccountController: Accounts for UserId = 8:
2024-07-17 15:32:59,967 INFO  [JettyServerThreadPool-39] o.r.B.A.AccountController: 
Account Id: 111222010
Account Type: savings
Account Balance: $0.45
2024-07-17 15:34:44,343 INFO  [main] o.r.B.BankFrontController: Beryl Bank is up and running
2024-07-17 15:34:44,524 INFO  [main] i.j.u.JavalinLogger: Starting Javalin ...
2024-07-17 15:34:44,526 INFO  [main] o.e.j.server.Server: jetty-11.0.20; built: 2024-01-29T21:04:22.394Z; git: 922f8dc188f7011e60d0361de585fd4ac4d63064; jvm 20+36-2344
2024-07-17 15:34:44,575 INFO  [main] o.e.j.s.s.DefaultSessionIdManager: Session workerName=node0
2024-07-17 15:34:44,585 INFO  [main] o.e.j.s.h.ContextHandler: Started o.e.j.s.ServletContextHandler@4278284b{/,null,AVAILABLE}
2024-07-17 15:34:44,649 INFO  [main] o.e.j.s.AbstractConnector: Started ServerConnector@7c37508a{HTTP/1.1, (http/1.1)}{0.0.0.0:8080}
2024-07-17 15:34:44,658 INFO  [main] o.e.j.server.Server: Started Server@38467116{STARTING}[11.0.20,sto=0] @658ms
2024-07-17 15:34:44,658 INFO  [main] i.j.u.JavalinLogger: 
       __                  ___           _____
      / /___ __   ______ _/ (_)___      / ___/
 __  / / __ `/ | / / __ `/ / / __ \    / __ \
/ /_/ / /_/ /| |/ / /_/ / / / / / /   / /_/ /
\____/\__,_/ |___/\__,_/_/_/_/ /_/    \____/

       https://javalin.io/documentation

2024-07-17 15:34:44,659 INFO  [main] i.j.u.JavalinLogger: Javalin started in 210ms \o/
2024-07-17 15:34:44,662 INFO  [main] i.j.u.JavalinLogger: Listening on http://localhost:8080/
2024-07-17 15:34:44,671 INFO  [main] i.j.u.JavalinLogger: You are running Javalin 6.1.3 (released March 2, 2024. Your Javalin version is 137 days old. Consider checking for a newer version.).
2024-07-17 16:15:41,176 INFO  [JettyServerThreadPool-46] o.r.B.U.UserController: Accessing getAllUsers
2024-07-17 16:15:41,325 INFO  [JettyServerThreadPool-46] o.r.B.U.UserController: All users found, converting to json...
2024-07-17 16:15:41,450 INFO  [JettyServerThreadPool-46] o.r.B.U.UserController: Users [
User ID: 1
Email: miguel@email.com
, 
User ID: 2
Email: helguero@email.com
, 
User ID: 3
Email: josh@gmail.com
, 
User ID: 4
Email: charles@revature.com
, 
User ID: 5
Email: zoey@email.com
, 
User ID: 6
Email: bob@email.com
, 
User ID: 7
Email: jose@yahoo.com
, 
User ID: 8
Email: will@email.com
]
2024-07-17 16:15:48,833 INFO  [JettyServerThreadPool-34] o.r.B.U.UserController: Accessing login...
2024-07-17 16:15:48,834 INFO  [JettyServerThreadPool-34] o.r.B.U.UserController: Email will@email.com, Password willpassword, was sent in through path parameter.
2024-07-17 16:15:48,869 INFO  [JettyServerThreadPool-34] o.r.B.U.UserController: User logged in: 
User ID: 8
Email: will@email.com

2024-07-17 16:15:53,367 INFO  [JettyServerThreadPool-43] o.r.B.A.AccountController: Accessing getAccountsById...
2024-07-17 16:15:53,368 INFO  [JettyServerThreadPool-43] o.r.B.A.AccountController: UserId 8, was sent in through path parameter.
2024-07-17 16:15:53,513 INFO  [JettyServerThreadPool-43] o.r.B.A.AccountController: Accounts for UserId = 8:
2024-07-17 16:15:53,514 INFO  [JettyServerThreadPool-43] o.r.B.A.AccountController: 
Account Id: 111222010
Account Type: savings
Account Balance: $0.45
2024-07-17 16:16:06,647 INFO  [JettyServerThreadPool-39] o.r.B.A.AccountController: Creating account...
2024-07-17 16:16:06,648 INFO  [JettyServerThreadPool-39] o.r.B.A.AccountController: UserId 8, AccountType checkings, was sent in through path parameter.
2024-07-17 16:16:06,713 INFO  [JettyServerThreadPool-39] o.r.B.A.AccountRepository: insert into accounts(account_type, user_id) values(('checkings'), ('8'::int4)) returning account_id
2024-07-17 16:16:06,717 INFO  [JettyServerThreadPool-39] o.r.B.A.AccountController: Account created: 
Account Id: 111222011
User ID: 8
Account Type: checkings
Balance: 0.0

2024-07-17 16:16:11,156 INFO  [JettyServerThreadPool-43] o.r.B.A.AccountController: Accessing getAccountsById...
2024-07-17 16:16:11,157 INFO  [JettyServerThreadPool-43] o.r.B.A.AccountController: UserId 8, was sent in through path parameter.
2024-07-17 16:16:11,186 INFO  [JettyServerThreadPool-43] o.r.B.A.AccountController: Accounts for UserId = 8:
2024-07-17 16:16:11,186 INFO  [JettyServerThreadPool-43] o.r.B.A.AccountController: 
Account Id: 111222010
Account Type: savings
Account Balance: $0.45
2024-07-17 16:16:11,186 INFO  [JettyServerThreadPool-43] o.r.B.A.AccountController: 
Account Id: 111222011
Account Type: checkings
Account Balance: $0.00
2024-07-17 16:16:19,276 INFO  [JettyServerThreadPool-39] o.r.B.A.AccountController: Making deposit...
2024-07-17 16:16:19,276 INFO  [JettyServerThreadPool-39] o.r.B.A.AccountController: UserId 8, AccountType checkings, deposit amount 123.45 was sent in through path parameter.
2024-07-17 16:16:19,336 INFO  [JettyServerThreadPool-39] o.r.B.A.AccountRepository: update accounts set balance = balance + ('123.45'::double precision) where user_id = ('8'::int4) and account_type = ('checkings') returning account_id, balance
2024-07-17 16:16:19,339 INFO  [JettyServerThreadPool-39] o.r.B.A.AccountController: Deposit successful!
Account Id: 111222011
Account Type: checkings
Account Balance: 123.45
2024-07-17 16:16:21,514 INFO  [JettyServerThreadPool-43] o.r.B.A.AccountController: Accessing getAccountsById...
2024-07-17 16:16:21,514 INFO  [JettyServerThreadPool-43] o.r.B.A.AccountController: UserId 8, was sent in through path parameter.
2024-07-17 16:16:21,544 INFO  [JettyServerThreadPool-43] o.r.B.A.AccountController: Accounts for UserId = 8:
2024-07-17 16:16:21,544 INFO  [JettyServerThreadPool-43] o.r.B.A.AccountController: 
Account Id: 111222010
Account Type: savings
Account Balance: $0.45
2024-07-17 16:16:21,544 INFO  [JettyServerThreadPool-43] o.r.B.A.AccountController: 
Account Id: 111222011
Account Type: checkings
Account Balance: $123.45
2024-07-17 16:16:36,407 INFO  [JettyServerThreadPool-39] o.r.B.A.AccountController: Making withdrawal...
2024-07-17 16:16:36,408 INFO  [JettyServerThreadPool-39] o.r.B.A.AccountController: UserID 8, AccountType checkings, withdrawal amount 50.0 was sent in through path parameter
2024-07-17 16:16:36,497 INFO  [JettyServerThreadPool-39] o.r.B.A.AccountRepository: update accounts set balance = balance - ('50.0'::double precision) where user_id = ('8'::int4) and account_type = ('checkings') returning account_id, balance
2024-07-17 16:16:36,500 INFO  [JettyServerThreadPool-39] o.r.B.A.AccountController: Withdrawal successful!
Account Id: 111222011
Account Type: checkings
Account Balance: 73.45
2024-07-17 16:16:40,511 INFO  [JettyServerThreadPool-43] o.r.B.A.AccountController: Accessing getAccountsById...
2024-07-17 16:16:40,512 INFO  [JettyServerThreadPool-43] o.r.B.A.AccountController: UserId 8, was sent in through path parameter.
2024-07-17 16:16:40,543 INFO  [JettyServerThreadPool-43] o.r.B.A.AccountController: Accounts for UserId = 8:
2024-07-17 16:16:40,543 INFO  [JettyServerThreadPool-43] o.r.B.A.AccountController: 
Account Id: 111222010
Account Type: savings
Account Balance: $0.45
2024-07-17 16:16:40,543 INFO  [JettyServerThreadPool-43] o.r.B.A.AccountController: 
Account Id: 111222011
Account Type: checkings
Account Balance: $73.45
2024-07-17 16:24:25,629 INFO  [main] o.r.B.BankFrontController: Beryl Bank is up and running
2024-07-17 16:24:25,815 INFO  [main] i.j.u.JavalinLogger: Starting Javalin ...
2024-07-17 16:24:25,817 INFO  [main] o.e.j.server.Server: jetty-11.0.20; built: 2024-01-29T21:04:22.394Z; git: 922f8dc188f7011e60d0361de585fd4ac4d63064; jvm 20+36-2344
2024-07-17 16:24:25,868 INFO  [main] o.e.j.s.s.DefaultSessionIdManager: Session workerName=node0
2024-07-17 16:24:25,878 INFO  [main] o.e.j.s.h.ContextHandler: Started o.e.j.s.ServletContextHandler@4278284b{/,null,AVAILABLE}
2024-07-17 16:24:25,945 INFO  [main] o.e.j.s.AbstractConnector: Started ServerConnector@7c37508a{HTTP/1.1, (http/1.1)}{0.0.0.0:8080}
2024-07-17 16:24:25,954 INFO  [main] o.e.j.server.Server: Started Server@38467116{STARTING}[11.0.20,sto=0] @683ms
2024-07-17 16:24:25,955 INFO  [main] i.j.u.JavalinLogger: 
       __                  ___           _____
      / /___ __   ______ _/ (_)___      / ___/
 __  / / __ `/ | / / __ `/ / / __ \    / __ \
/ /_/ / /_/ /| |/ / /_/ / / / / / /   / /_/ /
\____/\__,_/ |___/\__,_/_/_/_/ /_/    \____/

       https://javalin.io/documentation

2024-07-17 16:24:25,955 INFO  [main] i.j.u.JavalinLogger: Javalin started in 218ms \o/
2024-07-17 16:24:25,958 INFO  [main] i.j.u.JavalinLogger: Listening on http://localhost:8080/
2024-07-17 16:24:25,967 INFO  [main] i.j.u.JavalinLogger: You are running Javalin 6.1.3 (released March 2, 2024. Your Javalin version is 137 days old. Consider checking for a newer version.).
2024-07-17 16:24:29,664 INFO  [JettyServerThreadPool-45] o.r.B.U.UserController: Accessing getAllUsers
2024-07-17 16:24:29,810 INFO  [JettyServerThreadPool-45] o.r.B.U.UserController: All users found, converting to json...
2024-07-17 16:24:29,937 INFO  [JettyServerThreadPool-45] o.r.B.U.UserController: Users [
User ID: 1
Email: miguel@email.com
, 
User ID: 2
Email: helguero@email.com
, 
User ID: 3
Email: josh@gmail.com
, 
User ID: 4
Email: charles@revature.com
, 
User ID: 5
Email: zoey@email.com
, 
User ID: 6
Email: bob@email.com
, 
User ID: 7
Email: jose@yahoo.com
, 
User ID: 8
Email: will@email.com
]
2024-07-17 16:24:35,492 INFO  [JettyServerThreadPool-34] o.r.B.U.UserController: Accessing login...
2024-07-17 16:24:35,493 INFO  [JettyServerThreadPool-34] o.r.B.U.UserController: Email will@email.com, Password willpassword, was sent in through path parameter.
2024-07-17 16:24:35,530 INFO  [JettyServerThreadPool-34] o.r.B.U.UserController: User logged in: 
User ID: 8
Email: will@email.com

2024-07-17 16:24:39,163 INFO  [JettyServerThreadPool-39] o.r.B.A.AccountController: Accessing getAccountsById...
2024-07-17 16:24:39,164 INFO  [JettyServerThreadPool-39] o.r.B.A.AccountController: UserId 8, was sent in through path parameter.
2024-07-17 16:24:39,204 INFO  [JettyServerThreadPool-39] o.r.B.A.AccountController: Accounts for UserId = 8:
2024-07-17 16:24:39,206 INFO  [JettyServerThreadPool-39] o.r.B.A.AccountController: 
Account Id: 111222010
Account Type: savings
Account Balance: $0.45
2024-07-17 16:24:39,206 INFO  [JettyServerThreadPool-39] o.r.B.A.AccountController: 
Account Id: 111222011
Account Type: checkings
Account Balance: $73.45
2024-07-17 16:54:36,674 INFO  [main] o.r.B.BankFrontController: Beryl Bank is up and running
2024-07-17 16:54:36,858 INFO  [main] i.j.u.JavalinLogger: Starting Javalin ...
2024-07-17 16:54:36,860 INFO  [main] o.e.j.server.Server: jetty-11.0.20; built: 2024-01-29T21:04:22.394Z; git: 922f8dc188f7011e60d0361de585fd4ac4d63064; jvm 20+36-2344
2024-07-17 16:54:36,913 INFO  [main] o.e.j.s.s.DefaultSessionIdManager: Session workerName=node0
2024-07-17 16:54:36,923 INFO  [main] o.e.j.s.h.ContextHandler: Started o.e.j.s.ServletContextHandler@6057aebb{/,null,AVAILABLE}
2024-07-17 16:54:36,989 INFO  [main] o.e.j.s.AbstractConnector: Started ServerConnector@303cf2ba{HTTP/1.1, (http/1.1)}{0.0.0.0:8080}
2024-07-17 16:54:36,998 INFO  [main] o.e.j.server.Server: Started Server@5c7933ad{STARTING}[11.0.20,sto=0] @694ms
2024-07-17 16:54:36,998 INFO  [main] i.j.u.JavalinLogger: 
       __                  ___           _____
      / /___ __   ______ _/ (_)___      / ___/
 __  / / __ `/ | / / __ `/ / / __ \    / __ \
/ /_/ / /_/ /| |/ / /_/ / / / / / /   / /_/ /
\____/\__,_/ |___/\__,_/_/_/_/ /_/    \____/

       https://javalin.io/documentation

2024-07-17 16:54:36,998 INFO  [main] i.j.u.JavalinLogger: Javalin started in 214ms \o/
2024-07-17 16:54:37,001 INFO  [main] i.j.u.JavalinLogger: Listening on http://localhost:8080/
2024-07-17 16:54:37,010 INFO  [main] i.j.u.JavalinLogger: You are running Javalin 6.1.3 (released March 2, 2024. Your Javalin version is 137 days old. Consider checking for a newer version.).
2024-07-17 16:54:44,576 INFO  [JettyServerThreadPool-46] o.r.B.U.UserController: Accessing login...
2024-07-17 16:54:44,577 INFO  [JettyServerThreadPool-46] o.r.B.U.UserController: Email will@email.com, Password willpassword, was sent in through path parameter.
2024-07-17 16:54:44,722 INFO  [JettyServerThreadPool-46] o.r.B.U.UserController: User logged in: 
User ID: 8
Email: will@email.com

2024-07-17 16:54:48,763 INFO  [JettyServerThreadPool-34] o.r.B.A.AccountController: Accessing getAccountsById...
2024-07-17 16:54:48,764 INFO  [JettyServerThreadPool-34] o.r.B.A.AccountController: UserId 8, was sent in through path parameter.
2024-07-17 16:54:48,798 INFO  [JettyServerThreadPool-34] o.r.B.A.AccountController: Accounts for UserId = 8:
2024-07-17 16:54:48,802 INFO  [JettyServerThreadPool-34] o.r.B.A.AccountController: 
Account Id: 111222010
Account Type: savings
Account Balance: $0.45
2024-07-17 16:54:48,803 INFO  [JettyServerThreadPool-34] o.r.B.A.AccountController: 
Account Id: 111222011
Account Type: checkings
Account Balance: $73.45
2024-07-17 16:55:20,660 INFO  [JettyServerThreadPool-36] o.r.B.A.AccountController: Making withdrawal...
2024-07-17 16:55:20,661 INFO  [JettyServerThreadPool-36] o.r.B.A.AccountController: UserID 8, AccountType checkings, withdrawal amount 5.0 was sent in through path parameter
2024-07-17 16:55:20,874 INFO  [JettyServerThreadPool-36] o.r.B.A.AccountRepository: update accounts set balance = balance - ('5.0'::double precision) where user_id = ('8'::int4) and account_type = ('checkings') returning account_id, balance
2024-07-17 16:55:20,878 INFO  [JettyServerThreadPool-36] o.r.B.A.AccountController: Withdrawal successful!
Account Id: 111222011
Account Type: checkings
Account Balance: 68.45
2024-07-17 16:55:45,019 INFO  [main] o.r.B.BankFrontController: Beryl Bank is up and running
2024-07-17 16:55:45,260 INFO  [main] i.j.u.JavalinLogger: Starting Javalin ...
2024-07-17 16:55:45,262 INFO  [main] o.e.j.server.Server: jetty-11.0.20; built: 2024-01-29T21:04:22.394Z; git: 922f8dc188f7011e60d0361de585fd4ac4d63064; jvm 20+36-2344
2024-07-17 16:55:45,323 INFO  [main] o.e.j.s.s.DefaultSessionIdManager: Session workerName=node0
2024-07-17 16:55:45,334 INFO  [main] o.e.j.s.h.ContextHandler: Started o.e.j.s.ServletContextHandler@4278284b{/,null,AVAILABLE}
2024-07-17 16:55:45,403 INFO  [main] o.e.j.s.AbstractConnector: Started ServerConnector@7c37508a{HTTP/1.1, (http/1.1)}{0.0.0.0:8080}
2024-07-17 16:55:45,413 INFO  [main] o.e.j.server.Server: Started Server@38467116{STARTING}[11.0.20,sto=0] @757ms
2024-07-17 16:55:45,413 INFO  [main] i.j.u.JavalinLogger: 
       __                  ___           _____
      / /___ __   ______ _/ (_)___      / ___/
 __  / / __ `/ | / / __ `/ / / __ \    / __ \
/ /_/ / /_/ /| |/ / /_/ / / / / / /   / /_/ /
\____/\__,_/ |___/\__,_/_/_/_/ /_/    \____/

       https://javalin.io/documentation

2024-07-17 16:55:45,414 INFO  [main] i.j.u.JavalinLogger: Javalin started in 258ms \o/
2024-07-17 16:55:45,417 INFO  [main] i.j.u.JavalinLogger: Listening on http://localhost:8080/
2024-07-17 16:55:45,427 INFO  [main] i.j.u.JavalinLogger: You are running Javalin 6.1.3 (released March 2, 2024. Your Javalin version is 137 days old. Consider checking for a newer version.).
2024-07-17 16:55:46,528 INFO  [JettyServerThreadPool-45] o.r.B.U.UserController: Accessing login...
2024-07-17 16:55:46,530 INFO  [JettyServerThreadPool-45] o.r.B.U.UserController: Email will@email.com, Password willpassword, was sent in through path parameter.
2024-07-17 16:55:46,679 INFO  [JettyServerThreadPool-45] o.r.B.U.UserController: User logged in: 
User ID: 8
Email: will@email.com

2024-07-17 16:55:50,150 INFO  [JettyServerThreadPool-34] o.r.B.A.AccountController: Accessing getAccountsById...
2024-07-17 16:55:50,151 INFO  [JettyServerThreadPool-34] o.r.B.A.AccountController: UserId 8, was sent in through path parameter.
2024-07-17 16:55:50,186 INFO  [JettyServerThreadPool-34] o.r.B.A.AccountController: Accounts for UserId = 8:
2024-07-17 16:55:50,190 INFO  [JettyServerThreadPool-34] o.r.B.A.AccountController: 
Account Id: 111222010
Account Type: savings
Account Balance: $0.45
2024-07-17 16:55:50,191 INFO  [JettyServerThreadPool-34] o.r.B.A.AccountController: 
Account Id: 111222011
Account Type: checkings
Account Balance: $68.45
